/media/asimovsimpc/bulldog/aa-data/extracted_data/bulldog/umtn-tele-joystick/ocp/mix/2024_11_18/2024_11_18_17_22_44	lech sang le trai
/media/asimovsimpc/bulldog/aa-data/extracted_data/bulldog/umtn-tele-joystick/ocp/mix/2024_11_18/2024_11_18_17_50_46	dung lai qua lau
/media/asimovsimpc/bulldog/aa-data/extracted_data/bulldog/umtn-tele-joystick/ocp/mix/2024_11_18/2024_11_18_18_02_11	lech sang trai
/media/asimovsimpc/bulldog/aa-data/extracted_data/bulldog/umtn-tele-joystick/ocp/mix/2024_11_18/2024_11_18_18_08_01	dung lai qua lau
/media/asimovsimpc/bulldog3/aa-data/extracted_data/bulldog/umtn-tele-joystick/ocp/mix/2024_11_22/2024_11_22_15_05_05	stop too long
/media/asimovsimpc/bulldog3/aa-data/extracted_data/bulldog/umtn-tele-joystick/ocp/mix/2024_11_22/2024_11_22_15_06_28	stop too long
/media/asimovsimpc/bulldog3/aa-data/extracted_data/bulldog/umtn-tele-joystick/ocp/mix/2024_11_22/2024_11_22_14_28_24	Bi dung yen khong chay
/media/asimovsimpc/bulldog3/aa-data/extracted_data/bulldog/umtn-tele-joystick/ocp/mix/2024_11_22/2024_11_22_15_32_37	bi dung lai o mot vai khoang
/media/asimovsimpc/bulldog3/aa-data/extracted_data/bulldog/umtn-tele-joystick/ocp/mix/2024_11_22/2024_11_22_16_08_37	di sai huong

/media/asimovsimpc/bulldog3/aa-data/extracted_data/bulldog/umtn-tele-joystick/ocp/mix/2024_12_07/2024_12_07_10_45_32	re ra phia ngoai qua nhieu khi re trai
/media/asimovsimpc/bulldog3/aa-data/extracted_data/bulldog/umtn-tele-joystick/ocp/mix/2024_12_07/2024_12_07_11_54_58	robot dung yen
/media/asimovsimpc/bulldog3/aa-data/extracted_data/bulldog/umtn-tele-joystick/ocp/mix/2024_12_07/2024_12_07_15_36_21	bi loi safety sensor
/media/asimovsimpc/bulldog3/aa-data/extracted_data/bulldog/umtn-tele-joystick/ocp/mix/2024_12_07/2024_12_07_15_44_49	robot dung lai lau
# /media/asimovsimpc/bulldog3/aa-data/extracted_data/bulldog/umtn-tele-joystick/ocp/mix/2024_12_07/2024_12_07_16_04_09	robot bi dung lai kha lau
/media/asimovsimpc/bulldog3/aa-data/extracted_data/bulldog/umtn-tele-joystick/ocp/mix/2024_12_07/2024_12_07_16_43_20	robot dung lai lau
/media/asimovsimpc/bulldog3/aa-data/extracted_data/bulldog/umtn-tele-joystick/ocp/mix/2024_12_07/2024_12_07_16_51_33	robot dung yen khong di chuyen
/media/asimovsimpc/bulldog3/aa-data/extracted_data/bulldog/umtn-tele-joystick/ocp/mix/2024_12_07/2024_12_07_17_16_24	robot dung lai lau
/media/asimovsimpc/bulldog3/aa-data/extracted_data/bulldog/umtn-tele-joystick/ocp/mix/2024_12_07/2024_12_07_18_04_25	robot dung yen lau
# /media/asimovsimpc/bulldog3/aa-data/extracted_data/bulldog/umtn-tele-joystick/ocp/mix/2024_11_23/2024_11_23_12_03_02	khong hoan thanh chang duong
/media/asimovsimpc/bulldog3/aa-data/extracted_data/bulldog/umtn-tele-joystick/ocp/mix/2024_11_23/2024_11_23_12_11_30	di sai huong
/media/asimovsimpc/bulldog3/aa-data/extracted_data/bulldog/umtn-tele-joystick/ocp/mix/2024_11_29/2024_11_29_16_05_57	robot dung yen khong di chuyen
/media/asimovsimpc/bulldog3/aa-data/extracted_data/bulldog/umtn-tele-joystick/ocp/mix/2024_11_29/2024_11_29_12_34_23	bat dau o sai route trong route_map
