/media/asimovsimpc/bulldog/aa-data/extracted_data/bulldog/umtn/pnk/4.2/2024_04_18/2024_04_18_09_47_50 	 there is no turning left at all
/media/asimovsimpc/bulldog/aa-data/extracted_data/bulldog/umtn/pnk/mix/2024_04_17/2024_04_17_17_39_17	scenario is too short(37 frames)
/media/asimovsimpc/bulldog/aa-data/extracted_data/alaska/umtn-tele/eco/mix/2024_04_21/2024_04_21_11_32_27	camera_front is all black
/media/asimovsimpc/bulldog/aa-data/extracted_data/alaska/umtn-tele/eco/mix/2024_04_21/2024_04_21_12_01_55	camera-front and routed_map is all black
/media/asimovsimpc/bulldog/aa-data/extracted_data/alaska/umtn-tele/eco/mix/2024_04_21/2024_04_21_12_12_43	camera_front and routed_map is all black
/media/asimovsimpc/bulldog/aa-data/extracted_data/alaska/umtn-tele/eco/mix/2024_04_21/2024_04_21_12_15_23	camera_front and routed_map is all black
/media/asimovsimpc/bulldog/aa-data/extracted_data/alaska/umtn-tele/ocp/mix/2024_04_20/2024_04_20_10_57_19	Wrong routed map
/media/asimovsimpc/bulldog/aa-data/extracted_data/alaska/umtn-tele/ocp/mix/2024_04_20/2024_04_20_12_36_35	scenario is too short
/media/asimovsimpc/bulldog/aa-data/extracted_data/alaska/umtn-tele/ocp/mix/2024_04_20/2024_04_20_13_47_04	wrong routed map
/media/asimovsimpc/bulldog/aa-data/extracted_data/alaska/umtn-tele/ocp/mix/2024_04_11/2024_04_11_16_38_25	wrong routed_map
/media/asimovsimpc/bulldog/aa-data/extracted_data/alaska/umtn-tele/ocp/mix/2024_04_23/2024_04_23_10_00_24	
/media/asimovsimpc/bulldog/aa-data/extracted_data/alaska/umtn-tele/ocp/mix/2024_04_23/2024_04_23_17_49_57	no path
/media/asimovsimpc/bulldog/aa-data/extracted_data/alaska/umtn-tele/eco/mix/2024_04_25/2024_04_25_18_00_48	routed_map doesnt update
/media/asimovsimpc/bulldog/aa-data/extracted_data/alaska/umtn-tele/ocp/mix/2024_04_25/2024_04_25_16_13_38	wrong turn left
/media/asimovsimpc/bulldog/aa-data/extracted_data/alaska/umtn-tele/ocp/mix/2024_04_25/2024_04_25_16_33_45	slow speed
/media/asimovsimpc/bulldog/aa-data/extracted_data/alaska/umtn-tele/ocp/mix/2024_04_25/2024_04_25_16_37_33	suddenly stop at the intersection
/media/asimovsimpc/bulldog/aa-data/extracted_data/alaska/umtn-tele/ocp/mix/2024_04_25/2024_04_25_17_08_33	danh lai te
/media/asimovsimpc/bulldog/aa-data/extracted_data/alaska/umtn-tele/ocp/mix/2024_04_25/2024_04_25_17_13_39	danh lai bi lech
/media/asimovsimpc/bulldog/aa-data/extracted_data/alaska/umtn-tele/ocp/mix/2024_04_25/2024_04_25_17_17_58	too slow
/media/asimovsimpc/bulldog/aa-data/extracted_data/alaska/umtn-tele/ocp/mix/2024_04_25/2024_04_25_17_22_06	too slow
/media/asimovsimpc/bulldog/aa-data/extracted_data/alaska/umtn-tele/ocp/mix/2024_04_26/2024_04_26_09_05_10	slow data
/media/asimovsimpc/bulldog/aa-data/extracted_data/alaska/umtn-tele/ocp/mix/2024_04_26/2024_04_26_09_18_44	slow data
/media/asimovsimpc/bulldog/aa-data/extracted_data/alaska/umtn-tele/ocp/mix/2024_04_26/2024_04_26_09_24_27	too short
/media/asimovsimpc/bulldog/aa-data/extracted_data/alaska/umtn-tele/ocp/mix/2024_04_26/2024_04_26_09_58_18	slow data
/media/asimovsimpc/bulldog/aa-data/extracted_data/alaska/umtn-tele/ocp/mix/2024_04_26/2024_04_26_11_26_48	no map
/media/asimovsimpc/bulldog/aa-data/extracted_data/alaska/umtn-tele/ocp/mix/2024_04_27/2024_04_27_09_31_07	slow data
/media/asimovsimpc/bulldog/aa-data/extracted_data/alaska/umtn-tele/ocp/mix/2024_04_27/2024_04_27_11_51_34	stop at the middle of the intersection
/media/asimovsimpc/bulldog/aa-data/extracted_data/alaska/umtn-tele/ocp/mix/2024_04_27/2024_04_27_15_37_00	bad driving
/media/asimovsimpc/bulldog/aa-data/extracted_data/alaska/umtn-tele/ocp/mix/2024_04_28/2024_04_28_08_46_50	slow data
/media/asimovsimpc/bulldog/aa-data/extracted_data/alaska/umtn-tele/ocp/mix/2024_04_28/2024_04_28_09_24_23	wrong map
/media/asimovsimpc/bulldog/aa-data/extracted_data/alaska/umtn-tele/ocp/mix/2024_04_28/2024_04_28_11_16_12	no map
/media/asimovsimpc/bulldog/aa-data/extracted_data/alaska/umtn-tele/ocp/mix/2024_04_28/2024_04_28_13_56_34	wrong map
/media/asimovsimpc/bulldog/aa-data/extracted_data/alaska/umtn-tele/ocp/mix/2024_04_28/2024_04_28_14_18_50	slow ddata
/media/asimovsimpc/bulldog/aa-data/extracted_data/alaska/umtn-tele/ocp/mix/2024_04_28/2024_04_28_15_36_05	dangerous data
/media/asimovsimpc/bulldog/aa-data/extracted_data/alaska/umtn-tele/ocp/mix/2024_04_28/2024_04_28_15_48_44	wrong map
/media/asimovsimpc/bulldog/aa-data/extracted_data/alaska/umtn-tele/ocp/mix/2024_04_28/2024_04_28_16_06_51	slow data
/media/asimovsimpc/bulldog/aa-data/extracted_data/alaska/umtn-tele/ocp/mix/2024_04_29/2024_04_29_10_20_15	slow data
/media/asimovsimpc/bulldog/aa-data/extracted_data/alaska/umtn-tele/ocp/mix/2024_04_29/2024_04_29_14_44_11	u turn in the middle of the route
/media/asimovsimpc/bulldog/aa-data/extracted_data/alaska/umtn-tele/ocp/mix/2024_05_01/2024_05_01_11_27_12	slow data
/media/asimovsimpc/bulldog/aa-data/extracted_data/alaska/umtn-tele/ocp/mix/2024_05_02/2024_05_02_08_27_30	slow data
/media/asimovsimpc/bulldog/aa-data/extracted_data/alaska/umtn-tele/ocp/mix/2024_05_02/2024_05_02_08_43_25	slow data
/media/asimovsimpc/bulldog/aa-data/extracted_data/alaska/umtn-tele/ocp/mix/2024_05_02/2024_05_02_11_25_03	wrong map
/media/asimovsimpc/bulldog/aa-data/extracted_data/alaska/umtn-tele/ocp/mix/2024_05_02/2024_05_02_12_07_31	short data
/media/asimovsimpc/bulldog/aa-data/extracted_data/alaska/umtn-tele/ocp/mix/2024_05_05/2024_05_05_09_16_17	wrong data
/media/asimovsimpc/bulldog/aa-data/extracted_data/alaska/umtn-tele/ocp/mix/2024_05_05/2024_05_05_10_09_27	accident
/media/asimovsimpc/bulldog/aa-data/extracted_data/alaska/umtn-tele/eco/mix/2024_04_26/2024_04_26_15_46_22	estimated traj and gps path unmatched
/media/asimovsimpc/bulldog/aa-data/extracted_data/alaska/umtn-tele/eco/mix/2024_04_26/2024_04_26_15_53_48	blue green lines unmatched
/media/asimovsimpc/bulldog/aa-data/extracted_data/alaska/umtn-tele/pnk/mix/2024_04_11/2024_04_11_09_54_11	scenario too short
/media/asimovsimpc/bulldog/aa-data/extracted_data/alaska/umtn-tele/pnk/mix/2024_04_10/2024_04_10_10_22_40	green blue lines unmatched
/media/asimovsimpc/bulldog/aa-data/extracted_data/alaska/umtn-tele/pnk/mix/2024_04_10/2024_04_10_15_34_22	green blue line unmatched
/media/asimovsimpc/bulldog/aa-data/extracted_data/alaska/umtn-tele/pnk/2024_04_07_chua_check/2024_04_07_13_55_32	blue green lines unmatched
/media/asimovsimpc/bulldog/aa-data/extracted_data/alaska/umtn-tele/ocp/mix/2024_05_04/2024_05_04_14_36_27	scenario too short
/media/asimovsimpc/bulldog/aa-data/extracted_data/alaska/umtn-tele/ocp/mix/2024_05_04/2024_05_04_14_47_38	camera + routed_map all black
/media/asimovsimpc/bulldog/aa-data/extracted_data/alaska/umtn-tele/ocp/mix/2024_05_05/2024_05_05_08_07_59	tong vao le
/media/asimovsimpc/bulldog/aa-data/extracted_data/alaska/umtn-tele/ocp/mix/2024_05_09/2024_05_09_11_26_17	blue green lines mismatched
/media/asimovsimpc/bulldog/aa-data/extracted_data/alaska/umtn-tele/ocp/mix/2024_05_09/2024_05_09_14_00_52	green blue line mismatched
/media/asimovsimpc/bulldog/aa-data/extracted_data/alaska/umtn-tele/ocp/mix/2024_05_09/2024_05_09_15_49_24	green yellow line mismatched
/media/asimovsimpc/bulldog/aa-data/extracted_data/alaska/umtn-tele/ocp/mix/2024_05_12/2024_05_12_10_55_09	pose_plot line discontinuous, wrong routed_map
/media/asimovsimpc/bulldog/aa-data/extracted_data/alaska/umtn-tele/ocp/mix/2024_05_12/2024_05_12_15_05_18	scenario too short
/media/asimovsimpc/bulldog/aa-data/extracted_data/alaska/umtn-tele/ocp/mix/2024_05_12/2024_05_12_10_19_08	no imu
/media/asimovsimpc/bulldog/aa-data/extracted_data/alaska/umtn-tele/ocp/mix/2024_05_13/2024_05_13_07_47_31	camera_front and routed_map all black
/media/asimovsimpc/bulldog/aa-data/extracted_data/alaska/umtn-tele/ocp/mix/2024_05_13/2024_05_13_07_53_34	camera_front and routed_map all black
/media/asimovsimpc/bulldog/aa-data/extracted_data/alaska/umtn-tele/ocp/mix/2024_05_13/2024_05_13_08_11_33	yellow line and green line unmatched, empty imu.csv
/media/asimovsimpc/bulldog/aa-data/extracted_data/alaska/umtn-tele/ocp/mix/2024_05_13/2024_05_13_14_29_24	camera_front and routed_map all black
/media/asimovsimpc/bulldog/aa-data/extracted_data/alaska/umtn-tele/ocp/mix/2024_05_13/2024_05_13_16_51_05	too short scenario
/media/asimovsimpc/bulldog3/aa-data/extracted_data/bulldog/umtn-tele-joystick/pnk/mix/2024_06_30/2024_06_30_11_19_36	2 different mini maps
/media/asimovsimpc/bulldog3/aa-data/extracted_data/bulldog/umtn-tele-joystick/pnk/mix/2024_06_30/2024_06_30_11_20_23	too short
/media/asimovsimpc/bulldog3/aa-data/extracted_data/bulldog/umtn-tele-joystick/pnk/mix/2024_06_30/2024_06_30_11_20_30	2 mini maps
/media/asimovsimpc/bulldog3/aa-data/extracted_data/bulldog/umtn-tele-joystick/pnk/mix/2024_06_30/2024_06_30_11_20_52	wrong fusion path
/media/asimovsimpc/bulldog3/aa-data/extracted_data/bulldog/umtn-tele-joystick/pnk/mix/2024_06_30/2024_06_30_11_21_43	2 mini maps
/media/asimovsimpc/bulldog3/aa-data/extracted_data/bulldog/umtn-tele-joystick/pnk/mix/2024_06_30/2024_06_30_11_35_18	2 mini maps
/media/asimovsimpc/bulldog3/aa-data/extracted_data/bulldog/umtn-tele-joystick/pnk/mix/2024_06_30/2024_06_30_11_37_44	too short
/media/asimovsimpc/bulldog3/aa-data/extracted_data/bulldog/umtn-tele-joystick/pnk/mix/2024_06_30/2024_06_30_11_38_20	2 mini maps
/media/asimovsimpc/bulldog3/aa-data/extracted_data/bulldog/umtn-tele-joystick/pnk/mix/2024_06_30/2024_06_30_11_49_24	2 mini maps
/media/asimovsimpc/bulldog3/aa-data/extracted_data/bulldog/umtn-tele-joystick/pnk/mix/2024_06_30/2024_06_30_11_50_32	2 mini maps
/media/asimovsimpc/bulldog3/aa-data/extracted_data/bulldog/umtn-tele-joystick/pnk/mix/2024_06_30/2024_06_30_11_56_22	2 mini map
/media/asimovsimpc/bulldog3/aa-data/extracted_data/alaska/umtn-tele-joystick/ocp/mix/2024_06_30/2024_06_30_16_20_38	short and black minimap
/media/asimovsimpc/bulldog3/aa-data/extracted_data/alaska/umtn-tele-joystick/ocp/mix/2024_06_30/2024_06_30_16_42_14delay_image_0.119990110397	bad driving
/media/asimovsimpc/bulldog3/aa-data/extracted_data/alaska/umtn-tele-joystick/ocp/mix/2024_06_30/2024_06_30_16_44_06delay_routed_map_1.04566383362	chay sat xe va hay bi khung
/media/asimovsimpc/bulldog3/aa-data/extracted_data/alaska/umtn-tele-joystick/ocp/mix/2024_06_30/2024_06_30_16_50_57delay_routed_map_1.00032901764	chay cham va chay khong tot
/media/asimovsimpc/bulldog3/aa-data/extracted_data/alaska/umtn-tele-joystick/ocp/mix/2024_06_30/2024_06_30_17_16_33delay_routed_map_1.0402700901	wrong pose path
/media/asimovsimpc/bulldog3/aa-data/extracted_data/alaska/barrier/ocp/mix/2024_07_01/2024_07_01_14_52_46delay_routed_map_1.05263090134	short
/media/asimovsimpc/bulldog3/aa-data/extracted_data/bulldog/umtn-tele-joystick/pnk/mix/2024_07_02/2024_07_02_11_25_41	wrong pose path
/media/asimovsimpc/bulldog3/aa-data/extracted_data/bulldog/umtn-tele-joystick/pnk/mix/2024_07_02/2024_07_02_11_30_14	wrong pose path
/media/asimovsimpc/bulldog3/aa-data/extracted_data/bulldog/umtn-tele-joystick/pnk/mix/2024_07_02/2024_07_02_11_37_01	short
/media/asimovsimpc/bulldog3/aa-data/extracted_data/bulldog/umtn-tele-joystick/pnk/mix/2024_07_02/2024_07_02_11_37_15	wrong pose path
/media/asimovsimpc/bulldog3/aa-data/extracted_data/bulldog/umtn-tele-joystick/pnk/mix/2024_07_02/2024_07_02_11_43_44	wrong path
/media/asimovsimpc/bulldog3/aa-data/extracted_data/bulldog/umtn-tele-joystick/pnk/mix/2024_07_02/2024_07_02_11_57_21	wrong path
/media/asimovsimpc/bulldog3/aa-data/extracted_data/bulldog/umtn-tele-joystick/pnk/mix/2024_07_02/2024_07_02_12_03_28	wrong path
/media/asimovsimpc/bulldog3/aa-data/extracted_data/bulldog/umtn-tele-joystick/pnk/mix/2024_07_02/2024_07_02_12_11_04	short
/media/asimovsimpc/bulldog3/aa-data/extracted_data/bulldog/umtn-tele-joystick/pnk/mix/2024_07_02/2024_07_02_12_13_55	short
/media/asimovsimpc/bulldog3/aa-data/extracted_data/bulldog/umtn-tele-joystick/pnk/mix/2024_07_02/2024_07_02_12_23_02	wrong map
/media/asimovsimpc/bulldog3/aa-data/extracted_data/bulldog/umtn-tele-joystick/pnk/mix/2024_07_03/2024_07_03_09_23_56	short
/media/asimovsimpc/bulldog3/aa-data/extracted_data/bulldog/umtn-tele-joystick/pnk/mix/2024_07_03/2024_07_03_09_29_50	wrong mini map
/media/asimovsimpc/bulldog3/aa-data/extracted_data/bulldog/umtn-tele-joystick/pnk/mix/2024_07_03/2024_07_03_09_30_07	wrong path
/media/asimovsimpc/bulldog3/aa-data/extracted_data/bulldog/umtn-tele-joystick/pnk/mix/2024_07_03/2024_07_03_09_40_25	wrong path
/media/asimovsimpc/bulldog/aa-data/extracted_data/bulldog/umtn-tele-joystick/ocp/mix/2024_07_25/2024_07_25_17_42_09	not moving
/media/asimovsimpc/bulldog/aa-data/extracted_data/bulldog/umtn-tele-joystick/ocp/mix/2024_07_26/2024_07_26_07_46_50_wrong_speed_1.00312709808	not moving
/media/asimovsimpc/bulldog/aa-data/extracted_data/bulldog/umtn-tele-joystick/ocp/mix/2024_07_26/2024_07_26_07_50_46	bad data
/media/asimovsimpc/bulldog/aa-data/extracted_data/bulldog/umtn-tele-joystick/ocp/mix/2024_07_26/2024_07_26_08_03_39	stuck
/media/asimovsimpc/bulldog/aa-data/extracted_data/bulldog/umtn-tele-joystick/ocp/mix/2024_07_26/2024_07_26_14_40_15_wrong_speed_1.03566193581	slow
/media/asimovsimpc/bulldog/aa-data/extracted_data/bulldog/umtn-tele-joystick/ocp/mix/2024_07_26/2024_07_26_14_48_24_wrong_speed_1.02967405319	noisy sensor
/media/asimovsimpc/bulldog/aa-data/extracted_data/bulldog/umtn-tele-joystick/ocp/mix/2024_07_26/2024_07_26_16_40_47_wrong_speed_1.0371119976	bad data
/media/asimovsimpc/bulldog/aa-data/extracted_data/bulldog/umtn-tele-joystick/ocp/mix/2024_07_27/2024_07_27_08_51_40	low battery
/media/asimovsimpc/bulldog/aa-data/extracted_data/bulldog/umtn-tele-joystick/ocp/mix/2024_07_28/2024_07_28_07_43_58_wrong_speed_1.00089907646	stop data
/media/asimovsimpc/bulldog/aa-data/extracted_data/bulldog/umtn-tele-joystick/ocp/mix/2024_07_28/2024_07_28_08_09_42_wrong_speed_1.0297999382	stop data
/media/asimovsimpc/bulldog/aa-data/extracted_data/bulldog/umtn-tele-joystick/ocp/mix/2024_07_28/2024_07_28_08_57_18_delay_routed_map_1.0081589222	stop
/media/asimovsimpc/bulldog/aa-data/extracted_data/bulldog/umtn-tele-joystick/ocp/mix/2024_07_28/2024_07_28_16_55_49_wrong_speed_1.05583190918	stuck
/media/asimovsimpc/bulldog/aa-data/extracted_data/bulldog/umtn-tele-joystick/ocp/mix/2024_07_28/2024_07_28_17_16_16_wrong_speed_1.03212380409	stuck
/media/asimovsimpc/bulldog/aa-data/extracted_data/bulldog/umtn-tele-joystick/pnk/mix/2024_08_02/2024_08_02_15_51_29_wrong_speed_1.01844787598	stuck
/media/asimovsimpc/bulldog/aa-data/extracted_data/bulldog/umtn-tele-joystick/pnk/mix/2024_08_02/2024_08_02_15_54_13_wrong_speed_1.0012960434	stuck
/media/asimovsimpc/bulldog/aa-data/extracted_data/bulldog/umtn-tele-joystick/pnk/mix/2024_08_02/2024_08_02_15_54_47_wrong_speed_1.01560115814	stuck
/media/asimovsimpc/bulldog/aa-data/extracted_data/bulldog/umtn-tele-joystick/pnk/mix/2024_08_02/2024_08_02_15_55_46_wrong_speed_1.01860404015	stuck
/media/asimovsimpc/bulldog/aa-data/extracted_data/bulldog/umtn-tele-joystick/pnk/mix/2024_08_02/2024_08_02_15_56_38_wrong_speed_1.00514912605	stuck
/media/asimovsimpc/bulldog/aa-data/extracted_data/bulldog/umtn-tele-joystick/pnk/mix/2024_08_02/2024_08_02_15_57_19_wrong_speed_1.01331496239	stuck
/media/asimovsimpc/bulldog/aa-data/extracted_data/bulldog/umtn-tele-joystick/pnk/mix/2024_08_02/2024_08_02_16_00_28_wrong_speed_1.03391385078	stuck
/media/asimovsimpc/bulldog/aa-data/extracted_data/bulldog/umtn-tele-joystick/pnk/mix/2024_08_02/2024_08_02_17_12_28	wrong
/media/asimovsimpc/bulldog/aa-data/extracted_data/bulldog/umtn-tele-joystick/pnk/mix/2024_08_02/2024_08_02_17_12_56	wrong
/media/asimovsimpc/bulldog/aa-data/extracted_data/bulldog/umtn-tele-joystick/pnk/mix/2024_08_02/2024_08_02_17_14_11_wrong_speed_1.01916313171	wrong
/media/asimovsimpc/bulldog/aa-data/extracted_data/bulldog/umtn-tele-joystick/pnk/mix/2024_08_02/2024_08_02_17_58_15_wrong_speed_1.00018191338	bad data
/media/asimovsimpc/bulldog/aa-data/extracted_data/bulldog/umtn-tele-joystick/pnk/mix/2024_08_08/2024_08_08_18_13_10	bad
/media/asimovsimpc/bulldog/aa-data/extracted_data/bulldog/umtn-tele-joystick/pnk/2.2/2024_08_09/2024_08_09_11_56_18	bad
/media/asimovsimpc/bulldog/aa-data/extracted_data/bulldog/umtn-tele-joystick/pnk/mix/2024_08_12/2024_08_12_09_01_16	bad di thang
/media/asimovsimpc/bulldog/aa-data/extracted_data/bulldog/umtn-tele-joystick/pnk/mix/2024_08_12/2024_08_12_09_02_25	bad di thang
/media/asimovsimpc/bulldog/aa-data/extracted_data/bulldog/umtn-tele-joystick/pnk/5.2/2024_08_13/2024_08_13_17_42_38	vuong safety
/media/asimovsimpc/bulldog/aa-data/extracted_data/bulldog/umtn-tele-joystick/pnk/5.2/2024_08_13/2024_08_13_17_48_33	stuck
/media/asimovsimpc/bulldog/aa-data/extracted_data/bulldog/umtn-tele-joystick/ocp/mix/2024_10_17/2024_10_17_19_13_06	not moving
/media/asimovsimpc/bulldog/aa-data/extracted_data/bulldog/umtn-tele-joystick/ocp/mix/2024_10_18/2024_10_17_18_57_34	dung dieu khien mini can thiep
/media/asimovsimpc/bulldog/aa-data/extracted_data/bulldog/umtn-tele-joystick/ocp/mix/2024_10_18/2024_10_17_19_00_58	re phai chua tot
/media/asimovsimpc/bulldog/aa-data/extracted_data/bulldog/umtn-tele-joystick/ocp/mix/2024_10_18/2024_10_17_19_19_37	su dung dieu khien mini de dung lien tuc
/media/asimovsimpc/bulldog/aa-data/extracted_data/bulldog/umtn-tele-joystick/ocp/mix/2024_10_18/2024_10_17_19_23_11	robot dung lai lau o cuoi sample
/media/asimovsimpc/bulldog/aa-data/extracted_data/bulldog/umtn-tele-joystick/ocp/mix/2024_10_24/2024_10_24_11_16_34	not moving
/media/asimovsimpc/bulldog/aa-data/extracted_data/bulldog/umtn-tele-joystick/ocp/mix/2024_10_24/2024_10_24_11_17_11	not moving
/media/asimovsimpc/bulldog/aa-data/extracted_data/bulldog/umtn-tele-joystick/ocp/mix/2024_10_24/2024_10_24_11_28_12	stop too long
/media/asimovsimpc/bulldog/aa-data/extracted_data/bulldog/umtn-tele-joystick/ocp/mix/2024_10_24/2024_10_24_11_29_47	stop too long
/media/asimovsimpc/bulldog/aa-data/extracted_data/bulldog/umtn-tele-joystick/ocp/mix/2024_11_18/2024_11_18_17_22_44	lech sang le trai
/media/asimovsimpc/bulldog/aa-data/extracted_data/bulldog/umtn-tele-joystick/ocp/mix/2024_11_18/2024_11_18_17_50_46	dung lai qua lau
/media/asimovsimpc/bulldog/aa-data/extracted_data/bulldog/umtn-tele-joystick/ocp/mix/2024_11_18/2024_11_18_18_02_11	lech sang trai
/media/asimovsimpc/bulldog/aa-data/extracted_data/bulldog/umtn-tele-joystick/ocp/mix/2024_11_18/2024_11_18_18_08_01	dung lai qua lau
/media/asimovsimpc/bulldog3/aa-data/extracted_data/bulldog/umtn-tele-joystick/ocp/mix/2024_11_22/2024_11_22_15_05_05	stop too long
/media/asimovsimpc/bulldog3/aa-data/extracted_data/bulldog/umtn-tele-joystick/ocp/mix/2024_11_22/2024_11_22_15_06_28	stop too long
/media/asimovsimpc/bulldog3/aa-data/extracted_data/bulldog/umtn-tele-joystick/ocp/mix/2024_11_22/2024_11_22_14_28_24	Bi dung yen khong chay
/media/asimovsimpc/bulldog3/aa-data/extracted_data/bulldog/umtn-tele-joystick/ocp/mix/2024_11_22/2024_11_22_15_32_37	bi dung lai o mot vai khoang
/media/asimovsimpc/bulldog3/aa-data/extracted_data/bulldog/umtn-tele-joystick/ocp/mix/2024_11_22/2024_11_22_16_08_37	di sai huong

